# pytest -k "cratedb and ddpsql and many and not fast" -vvv

[2021-05-06T15:22:09,415][TRACE][i.c.p.p.PostgresNetty    ] [Badus] channel opened: [id: 0xd6d44bbc, L:/172.17.0.2:5432 - R:/172.17.0.1:57488]
[2021-05-06T15:22:09,415][TRACE][i.c.p.p.PostgresWireProtocol] [Badus] Header pkgLength: 44
[2021-05-06T15:22:09,415][TRACE][i.c.p.p.PostgresWireProtocol] [Badus] protocol 3.0
[2021-05-06T15:22:09,416][TRACE][i.c.p.p.PostgresWireProtocol] [Badus] payload: key=user value=crate
[2021-05-06T15:22:09,416][TRACE][i.c.p.p.PostgresWireProtocol] [Badus] payload: key=database value=doc
[2021-05-06T15:22:09,416][TRACE][i.c.p.p.PostgresWireProtocol] [Badus] payload: key=DateStyle value=ISO, YMD
[2021-05-06T15:22:09,416][TRACE][i.c.p.p.PostgresWireProtocol] [Badus] payload: key= value=null
[2021-05-06T15:22:09,416][TRACE][i.c.p.p.PostgresWireProtocol] [Badus] Authentication succeeded user "crate" and method "trust".
[2021-05-06T15:22:09,416][TRACE][i.c.p.p.Messages         ] [Badus] sentAuthenticationOK
[2021-05-06T15:22:09,417][TRACE][i.c.p.p.Messages         ] [Badus] sentParameterStatus crate_version=4.5.1
[2021-05-06T15:22:09,417][TRACE][i.c.p.p.Messages         ] [Badus] sentParameterStatus server_version=10.5
[2021-05-06T15:22:09,417][TRACE][i.c.p.p.Messages         ] [Badus] sentParameterStatus server_encoding=UTF8
[2021-05-06T15:22:09,417][TRACE][i.c.p.p.Messages         ] [Badus] sentParameterStatus client_encoding=UTF8
[2021-05-06T15:22:09,417][TRACE][i.c.p.p.Messages         ] [Badus] sentParameterStatus datestyle=ISO
[2021-05-06T15:22:09,417][TRACE][i.c.p.p.Messages         ] [Badus] sentParameterStatus TimeZone=UTC
[2021-05-06T15:22:09,417][TRACE][i.c.p.p.Messages         ] [Badus] sentParameterStatus integer_datetimes=on
[2021-05-06T15:22:09,417][TRACE][i.c.p.p.Messages         ] [Badus] sentReadyForQuery
[2021-05-06T15:22:09,418][TRACE][i.c.p.p.PostgresWireProtocol] [Badus] msg=Q msgLength=191 readableBytes=191
[2021-05-06T15:22:09,418][DEBUG][i.c.a.s.SQLOperations    ] [Badus] method=parse stmtName= query=SELECT t.oid FROM pg_catalog.pg_type t JOIN pg_catalog.pg_namespace n ON t.typnamespace = n.oid where t.typname = 'citext' and (n.nspname = (select current_schema()) or n.nspname = 'public') paramTypes=[]
[2021-05-06T15:22:09,420][DEBUG][i.c.a.s.SQLOperations    ] [Badus] method=bind portalName= statementName= params=[]
[2021-05-06T15:22:09,421][DEBUG][i.c.a.s.SQLOperations    ] [Badus] method=describe type=P portalOrStatement=
[2021-05-06T15:22:09,421][DEBUG][i.c.a.s.SQLOperations    ] [Badus] method=execute portalName= maxRows=0
[2021-05-06T15:22:09,425][TRACE][i.c.p.p.Messages         ] [Badus] sentRowDescription
[2021-05-06T15:22:09,425][TRACE][i.c.p.p.Messages         ] [Badus] sentCommandComplete
[2021-05-06T15:22:09,425][TRACE][i.c.p.p.Messages         ] [Badus] sentReadyForQuery
[2021-05-06T15:22:09,426][TRACE][i.c.p.p.PostgresWireProtocol] [Badus] msg=Q msgLength=58 readableBytes=58
[2021-05-06T15:22:09,426][DEBUG][i.c.a.s.SQLOperations    ] [Badus] method=parse stmtName= query=select version(); paramTypes=[]
[2021-05-06T15:22:09,426][DEBUG][i.c.a.s.SQLOperations    ] [Badus] method=bind portalName= statementName= params=[]
[2021-05-06T15:22:09,427][DEBUG][i.c.a.s.SQLOperations    ] [Badus] method=describe type=P portalOrStatement=
[2021-05-06T15:22:09,427][DEBUG][i.c.a.s.SQLOperations    ] [Badus] method=execute portalName= maxRows=0
[2021-05-06T15:22:09,428][TRACE][i.c.p.p.Messages         ] [Badus] sentRowDescription
[2021-05-06T15:22:09,428][TRACE][i.c.p.p.Messages         ] [Badus] sentCommandComplete
[2021-05-06T15:22:09,428][DEBUG][i.c.a.s.SQLOperations    ] [Badus] method=parse stmtName= query=select current_setting('max_index_keys') paramTypes=[]
[2021-05-06T15:22:09,429][DEBUG][i.c.a.s.SQLOperations    ] [Badus] method=bind portalName= statementName= params=[]
[2021-05-06T15:22:09,429][DEBUG][i.c.a.s.SQLOperations    ] [Badus] method=describe type=P portalOrStatement=
[2021-05-06T15:22:09,429][DEBUG][i.c.a.s.SQLOperations    ] [Badus] method=execute portalName= maxRows=0
[2021-05-06T15:22:09,430][TRACE][i.c.p.p.Messages         ] [Badus] sentRowDescription
[2021-05-06T15:22:09,431][TRACE][i.c.p.p.Messages         ] [Badus] sentCommandComplete
[2021-05-06T15:22:09,431][TRACE][i.c.p.p.Messages         ] [Badus] sentReadyForQuery
[2021-05-06T15:22:09,434][TRACE][i.c.p.p.PostgresWireProtocol] [Badus] msg=Q msgLength=6 readableBytes=6
[2021-05-06T15:22:09,434][DEBUG][i.c.a.s.SQLOperations    ] [Badus] method=parse stmtName= query=BEGIN paramTypes=[]
[2021-05-06T15:22:09,434][DEBUG][i.c.a.s.SQLOperations    ] [Badus] method=bind portalName= statementName= params=[]
[2021-05-06T15:22:09,434][DEBUG][i.c.a.s.SQLOperations    ] [Badus] method=describe type=P portalOrStatement=
[2021-05-06T15:22:09,435][DEBUG][i.c.a.s.SQLOperations    ] [Badus] method=execute portalName= maxRows=0
[2021-05-06T15:22:09,435][TRACE][i.c.p.p.Messages         ] [Badus] sentCommandComplete
[2021-05-06T15:22:09,435][DEBUG][i.c.a.s.SQLOperations    ] [Badus] method=sync deferredExecutions=0
[2021-05-06T15:22:09,435][TRACE][i.c.p.p.Messages         ] [Badus] sentReadyForQuery
[2021-05-06T15:22:09,436][TRACE][i.c.p.p.PostgresWireProtocol] [Badus] msg=Q msgLength=28 readableBytes=28
[2021-05-06T15:22:09,436][DEBUG][i.c.a.s.SQLOperations    ] [Badus] method=parse stmtName= query=DROP TABLE IF EXISTS users; paramTypes=[]
[2021-05-06T15:22:09,436][DEBUG][i.c.a.s.SQLOperations    ] [Badus] method=bind portalName= statementName= params=[]
[2021-05-06T15:22:09,436][DEBUG][i.c.a.s.SQLOperations    ] [Badus] method=describe type=P portalOrStatement=
[2021-05-06T15:22:09,436][DEBUG][i.c.a.s.SQLOperations    ] [Badus] method=execute portalName= maxRows=0
[2021-05-06T15:22:09,437][INFO ][o.e.c.m.MetadataDeleteIndexService] [Badus] [users/Kn1CBjH3QNOUOiZxgQ-nlA] deleting index
[2021-05-06T15:22:09,456][TRACE][i.c.p.p.Messages         ] [Badus] sentCommandComplete
[2021-05-06T15:22:09,456][TRACE][i.c.p.p.Messages         ] [Badus] sentReadyForQuery
[2021-05-06T15:22:09,457][TRACE][i.c.p.p.PostgresWireProtocol] [Badus] msg=Q msgLength=55 readableBytes=55
[2021-05-06T15:22:09,457][DEBUG][i.c.a.s.SQLOperations    ] [Badus] method=parse stmtName= query=CREATE TABLE users ("id" BIGINT, "name" VARCHAR(255)); paramTypes=[]
[2021-05-06T15:22:09,458][DEBUG][i.c.a.s.SQLOperations    ] [Badus] method=bind portalName= statementName= params=[]
[2021-05-06T15:22:09,458][DEBUG][i.c.a.s.SQLOperations    ] [Badus] method=describe type=P portalOrStatement=
[2021-05-06T15:22:09,458][DEBUG][i.c.a.s.SQLOperations    ] [Badus] method=execute portalName= maxRows=0
[2021-05-06T15:22:09,463][INFO ][o.e.c.m.MetadataCreateIndexService] [Badus] [users] creating index, cause [api], templates [crate_defaults], shards [4]/[0], mappings [default]
[2021-05-06T15:22:09,534][INFO ][o.e.c.r.a.AllocationService] [Badus] Cluster health status changed from [YELLOW] to [GREEN] (reason: [shards started [[users][0]]]).
[2021-05-06T15:22:09,543][TRACE][i.c.p.p.Messages         ] [Badus] sentCommandComplete
[2021-05-06T15:22:09,543][TRACE][i.c.p.p.Messages         ] [Badus] sentReadyForQuery
[2021-05-06T15:22:09,544][TRACE][i.c.p.p.PostgresWireProtocol] [Badus] msg=P msgLength=63 readableBytes=63
[2021-05-06T15:22:09,544][DEBUG][i.c.a.s.SQLOperations    ] [Badus] method=parse stmtName=ST55CD26103A20 query=INSERT INTO users (id, name) VALUES ($1, $2); paramTypes=[]
[2021-05-06T15:22:09,545][TRACE][i.c.p.p.PostgresWireProtocol] [Badus] msg=D msgLength=16 readableBytes=16
[2021-05-06T15:22:09,545][DEBUG][i.c.a.s.SQLOperations    ] [Badus] method=describe type=S portalOrStatement=ST55CD26103A20
[2021-05-06T15:22:09,546][TRACE][i.c.p.p.PostgresWireProtocol] [Badus] msg=S msgLength=0 readableBytes=0
[2021-05-06T15:22:09,546][DEBUG][i.c.a.s.SQLOperations    ] [Badus] method=sync deferredExecutions=0
[2021-05-06T15:22:09,546][TRACE][i.c.p.p.Messages         ] [Badus] sentParseComplete
[2021-05-06T15:22:09,546][TRACE][i.c.p.p.Messages         ] [Badus] sentNoData
[2021-05-06T15:22:09,546][TRACE][i.c.p.p.Messages         ] [Badus] sentReadyForQuery
[2021-05-06T15:22:09,547][TRACE][i.c.p.p.PostgresWireProtocol] [Badus] msg=B msgLength=61 readableBytes=61
[2021-05-06T15:22:09,547][DEBUG][i.c.a.s.SQLOperations    ] [Badus] method=bind portalName=ST55CD26103A20 statementName=ST55CD26103A20 params=[1, User1]
[2021-05-06T15:22:09,547][TRACE][i.c.p.p.PostgresWireProtocol] [Badus] msg=E msgLength=19 readableBytes=19
[2021-05-06T15:22:09,547][DEBUG][i.c.a.s.SQLOperations    ] [Badus] method=execute portalName=ST55CD26103A20 maxRows=0
[2021-05-06T15:22:09,548][TRACE][i.c.p.p.PostgresWireProtocol] [Badus] msg=C msgLength=16 readableBytes=16
[2021-05-06T15:22:09,548][DEBUG][i.c.a.s.SQLOperations    ] [Badus] method=close type=P name=ST55CD26103A20
[2021-05-06T15:22:09,548][TRACE][i.c.p.p.PostgresWireProtocol] [Badus] msg=S msgLength=0 readableBytes=0
[2021-05-06T15:22:09,554][TRACE][i.c.p.p.Messages         ] [Badus] sentBindComplete
[2021-05-06T15:22:09,554][TRACE][i.c.p.p.Messages         ] [Badus] sentCloseComplete
[2021-05-06T15:22:09,554][TRACE][i.c.p.p.Messages         ] [Badus] sentCommandComplete
[2021-05-06T15:22:09,555][TRACE][i.c.p.p.Messages         ] [Badus] sentReadyForQuery
[2021-05-06T15:22:09,555][TRACE][i.c.p.p.PostgresWireProtocol] [Badus] msg=B msgLength=61 readableBytes=61
[2021-05-06T15:22:09,556][DEBUG][i.c.a.s.SQLOperations    ] [Badus] method=bind portalName=ST55CD26103A20 statementName=ST55CD26103A20 params=[2, User2]
[2021-05-06T15:22:09,556][TRACE][i.c.p.p.PostgresWireProtocol] [Badus] msg=E msgLength=19 readableBytes=19
[2021-05-06T15:22:09,556][DEBUG][i.c.a.s.SQLOperations    ] [Badus] method=execute portalName=ST55CD26103A20 maxRows=0
[2021-05-06T15:22:09,556][TRACE][i.c.p.p.PostgresWireProtocol] [Badus] msg=C msgLength=16 readableBytes=16
[2021-05-06T15:22:09,557][DEBUG][i.c.a.s.SQLOperations    ] [Badus] method=close type=P name=ST55CD26103A20
[2021-05-06T15:22:09,557][TRACE][i.c.p.p.PostgresWireProtocol] [Badus] msg=S msgLength=0 readableBytes=0
[2021-05-06T15:22:09,562][TRACE][i.c.p.p.Messages         ] [Badus] sentBindComplete
[2021-05-06T15:22:09,562][TRACE][i.c.p.p.Messages         ] [Badus] sentCloseComplete
[2021-05-06T15:22:09,562][TRACE][i.c.p.p.Messages         ] [Badus] sentCommandComplete
[2021-05-06T15:22:09,563][TRACE][i.c.p.p.Messages         ] [Badus] sentReadyForQuery
[2021-05-06T15:22:09,563][TRACE][i.c.p.p.PostgresWireProtocol] [Badus] msg=B msgLength=61 readableBytes=61
[2021-05-06T15:22:09,564][DEBUG][i.c.a.s.SQLOperations    ] [Badus] method=bind portalName=ST55CD26103A20 statementName=ST55CD26103A20 params=[3, User3]
[2021-05-06T15:22:09,564][TRACE][i.c.p.p.PostgresWireProtocol] [Badus] msg=E msgLength=19 readableBytes=19
[2021-05-06T15:22:09,564][DEBUG][i.c.a.s.SQLOperations    ] [Badus] method=execute portalName=ST55CD26103A20 maxRows=0
[2021-05-06T15:22:09,565][TRACE][i.c.p.p.PostgresWireProtocol] [Badus] msg=C msgLength=16 readableBytes=16
[2021-05-06T15:22:09,565][DEBUG][i.c.a.s.SQLOperations    ] [Badus] method=close type=P name=ST55CD26103A20
[2021-05-06T15:22:09,565][TRACE][i.c.p.p.PostgresWireProtocol] [Badus] msg=S msgLength=0 readableBytes=0
[2021-05-06T15:22:09,569][TRACE][i.c.p.p.Messages         ] [Badus] sentBindComplete
[2021-05-06T15:22:09,569][TRACE][i.c.p.p.Messages         ] [Badus] sentCloseComplete
[2021-05-06T15:22:09,569][TRACE][i.c.p.p.Messages         ] [Badus] sentCommandComplete
[2021-05-06T15:22:09,569][TRACE][i.c.p.p.Messages         ] [Badus] sentReadyForQuery
[2021-05-06T15:22:09,570][TRACE][i.c.p.p.PostgresWireProtocol] [Badus] msg=B msgLength=61 readableBytes=61
[2021-05-06T15:22:09,570][DEBUG][i.c.a.s.SQLOperations    ] [Badus] method=bind portalName=ST55CD26103A20 statementName=ST55CD26103A20 params=[4, User4]
[2021-05-06T15:22:09,570][TRACE][i.c.p.p.PostgresWireProtocol] [Badus] msg=E msgLength=19 readableBytes=19
[2021-05-06T15:22:09,570][DEBUG][i.c.a.s.SQLOperations    ] [Badus] method=execute portalName=ST55CD26103A20 maxRows=0
[2021-05-06T15:22:09,571][TRACE][i.c.p.p.PostgresWireProtocol] [Badus] msg=C msgLength=16 readableBytes=16
[2021-05-06T15:22:09,571][DEBUG][i.c.a.s.SQLOperations    ] [Badus] method=close type=P name=ST55CD26103A20
[2021-05-06T15:22:09,571][TRACE][i.c.p.p.PostgresWireProtocol] [Badus] msg=S msgLength=0 readableBytes=0
[2021-05-06T15:22:09,575][TRACE][i.c.p.p.Messages         ] [Badus] sentBindComplete
[2021-05-06T15:22:09,575][TRACE][i.c.p.p.Messages         ] [Badus] sentCloseComplete
[2021-05-06T15:22:09,576][TRACE][i.c.p.p.Messages         ] [Badus] sentCommandComplete
[2021-05-06T15:22:09,576][TRACE][i.c.p.p.Messages         ] [Badus] sentReadyForQuery
[2021-05-06T15:22:09,576][TRACE][i.c.p.p.PostgresWireProtocol] [Badus] msg=B msgLength=61 readableBytes=61
[2021-05-06T15:22:09,576][DEBUG][i.c.a.s.SQLOperations    ] [Badus] method=bind portalName=ST55CD26103A20 statementName=ST55CD26103A20 params=[5, User5]
[2021-05-06T15:22:09,577][TRACE][i.c.p.p.PostgresWireProtocol] [Badus] msg=E msgLength=19 readableBytes=19
[2021-05-06T15:22:09,577][DEBUG][i.c.a.s.SQLOperations    ] [Badus] method=execute portalName=ST55CD26103A20 maxRows=0
[2021-05-06T15:22:09,577][TRACE][i.c.p.p.PostgresWireProtocol] [Badus] msg=C msgLength=16 readableBytes=16
[2021-05-06T15:22:09,577][DEBUG][i.c.a.s.SQLOperations    ] [Badus] method=close type=P name=ST55CD26103A20
[2021-05-06T15:22:09,578][TRACE][i.c.p.p.PostgresWireProtocol] [Badus] msg=S msgLength=0 readableBytes=0
[2021-05-06T15:22:09,581][TRACE][i.c.p.p.Messages         ] [Badus] sentBindComplete
[2021-05-06T15:22:09,581][TRACE][i.c.p.p.Messages         ] [Badus] sentCloseComplete
[2021-05-06T15:22:09,581][TRACE][i.c.p.p.Messages         ] [Badus] sentCommandComplete
[2021-05-06T15:22:09,582][TRACE][i.c.p.p.Messages         ] [Badus] sentReadyForQuery
[2021-05-06T15:22:09,582][TRACE][i.c.p.p.PostgresWireProtocol] [Badus] msg=Q msgLength=7 readableBytes=7
[2021-05-06T15:22:09,582][DEBUG][i.c.a.s.SQLOperations    ] [Badus] method=parse stmtName= query=COMMIT paramTypes=[]
[2021-05-06T15:22:09,582][DEBUG][i.c.a.s.SQLOperations    ] [Badus] method=bind portalName= statementName= params=[]
[2021-05-06T15:22:09,583][DEBUG][i.c.a.s.SQLOperations    ] [Badus] method=describe type=P portalOrStatement=
[2021-05-06T15:22:09,583][DEBUG][i.c.a.s.SQLOperations    ] [Badus] method=execute portalName= maxRows=0
[2021-05-06T15:22:09,583][TRACE][i.c.p.p.Messages         ] [Badus] sentCommandComplete
[2021-05-06T15:22:09,583][DEBUG][i.c.a.s.SQLOperations    ] [Badus] method=sync deferredExecutions=0
[2021-05-06T15:22:09,583][TRACE][i.c.p.p.Messages         ] [Badus] sentReadyForQuery
[2021-05-06T15:22:09,584][TRACE][i.c.p.p.PostgresWireProtocol] [Badus] msg=Q msgLength=27 readableBytes=27
[2021-05-06T15:22:09,584][DEBUG][i.c.a.s.SQLOperations    ] [Badus] method=parse stmtName= query=DEALLOCATE"ST55CD26103A20" paramTypes=[]
[2021-05-06T15:22:09,584][DEBUG][i.c.a.s.SQLOperations    ] [Badus] method=bind portalName= statementName= params=[]
[2021-05-06T15:22:09,584][DEBUG][i.c.a.s.SQLOperations    ] [Badus] method=describe type=P portalOrStatement=
[2021-05-06T15:22:09,585][DEBUG][i.c.a.s.SQLOperations    ] [Badus] method=execute portalName= maxRows=0
[2021-05-06T15:22:09,585][DEBUG][i.c.a.s.SQLOperations    ] [Badus] method=close type=S name=ST55CD26103A20
[2021-05-06T15:22:09,585][TRACE][i.c.p.p.Messages         ] [Badus] sentCommandComplete
[2021-05-06T15:22:09,585][DEBUG][i.c.a.s.SQLOperations    ] [Badus] method=sync deferredExecutions=0
[2021-05-06T15:22:09,585][TRACE][i.c.p.p.Messages         ] [Badus] sentReadyForQuery
[2021-05-06T15:22:09,586][TRACE][i.c.p.p.PostgresWireProtocol] [Badus] msg=Q msgLength=6 readableBytes=6
[2021-05-06T15:22:09,586][DEBUG][i.c.a.s.SQLOperations    ] [Badus] method=parse stmtName= query=BEGIN paramTypes=[]
[2021-05-06T15:22:09,586][DEBUG][i.c.a.s.SQLOperations    ] [Badus] method=bind portalName= statementName= params=[]
[2021-05-06T15:22:09,586][DEBUG][i.c.a.s.SQLOperations    ] [Badus] method=describe type=P portalOrStatement=
[2021-05-06T15:22:09,586][DEBUG][i.c.a.s.SQLOperations    ] [Badus] method=execute portalName= maxRows=0
[2021-05-06T15:22:09,587][TRACE][i.c.p.p.Messages         ] [Badus] sentCommandComplete
[2021-05-06T15:22:09,587][DEBUG][i.c.a.s.SQLOperations    ] [Badus] method=sync deferredExecutions=0
[2021-05-06T15:22:09,587][TRACE][i.c.p.p.Messages         ] [Badus] sentReadyForQuery
[2021-05-06T15:22:09,588][TRACE][i.c.p.p.PostgresWireProtocol] [Badus] msg=Q msgLength=21 readableBytes=21
[2021-05-06T15:22:09,588][DEBUG][i.c.a.s.SQLOperations    ] [Badus] method=parse stmtName= query=REFRESH TABLE users; paramTypes=[]
[2021-05-06T15:22:09,588][DEBUG][i.c.a.s.SQLOperations    ] [Badus] method=bind portalName= statementName= params=[]
[2021-05-06T15:22:09,588][DEBUG][i.c.a.s.SQLOperations    ] [Badus] method=describe type=P portalOrStatement=
[2021-05-06T15:22:09,588][DEBUG][i.c.a.s.SQLOperations    ] [Badus] method=execute portalName= maxRows=0
[2021-05-06T15:22:09,601][TRACE][i.c.p.p.Messages         ] [Badus] sentCommandComplete
[2021-05-06T15:22:09,602][TRACE][i.c.p.p.Messages         ] [Badus] sentReadyForQuery
[2021-05-06T15:22:09,602][TRACE][i.c.p.p.PostgresWireProtocol] [Badus] msg=Q msgLength=33 readableBytes=33
[2021-05-06T15:22:09,603][DEBUG][i.c.a.s.SQLOperations    ] [Badus] method=parse stmtName= query=SELECT * FROM users ORDER BY id; paramTypes=[]
[2021-05-06T15:22:09,603][DEBUG][i.c.a.s.SQLOperations    ] [Badus] method=bind portalName= statementName= params=[]
[2021-05-06T15:22:09,603][DEBUG][i.c.a.s.SQLOperations    ] [Badus] method=describe type=P portalOrStatement=
[2021-05-06T15:22:09,604][DEBUG][i.c.a.s.SQLOperations    ] [Badus] method=execute portalName= maxRows=0
[2021-05-06T15:22:09,608][TRACE][i.c.p.p.Messages         ] [Badus] sentRowDescription
[2021-05-06T15:22:09,608][TRACE][i.c.p.p.Messages         ] [Badus] sentCommandComplete
[2021-05-06T15:22:09,608][TRACE][i.c.p.p.Messages         ] [Badus] sentReadyForQuery
[2021-05-06T15:22:09,609][TRACE][i.c.p.p.PostgresWireProtocol] [Badus] msg=Q msgLength=9 readableBytes=9
[2021-05-06T15:22:09,609][DEBUG][i.c.a.s.SQLOperations    ] [Badus] method=parse stmtName= query=ROLLBACK paramTypes=[]
[2021-05-06T15:22:09,610][TRACE][i.c.p.p.Messages         ] [Badus] sentErrorResponse msg=line 1:1: mismatched input 'ROLLBACK' expecting {'SELECT', 'DEALLOCATE', 'CREATE', 'ALTER', 'KILL', 'BEGIN', 'COMMIT', 'ANALYZE', 'DISCARD', 'EXPLAIN', 'SHOW', 'OPTIMIZE', 'REFRESH', 'RESTORE', 'DROP', 'INSERT', 'VALUES', 'DELETE', 'UPDATE', 'SET', 'RESET', 'COPY', 'GRANT', 'DENY', 'REVOKE'}
[2021-05-06T15:22:09,610][TRACE][i.c.p.p.Messages         ] [Badus] sentReadyForQuery
[2021-05-06T15:22:09,640][TRACE][i.c.p.p.PostgresNetty    ] [Badus] channel closed: [id: 0xd6d44bbc, L:/172.17.0.2:5432 ! R:/172.17.0.1:57488]
[2021-05-06T15:22:09,640][TRACE][i.c.p.p.PostgresWireProtocol] [Badus] channelDisconnected
