# pytest -k "cratedb and psqlodbc and many and fast" -vvv

[2021-05-06T16:03:16,356][TRACE][i.c.p.p.PostgresNetty    ] [Badus] channel opened: [id: 0xd1aefcbf, L:/172.17.0.2:5432 - R:/172.17.0.1:57502]
[2021-05-06T16:03:16,357][TRACE][i.c.p.p.PostgresWireProtocol] [Badus] Header pkgLength: 25
[2021-05-06T16:03:16,357][TRACE][i.c.p.p.PostgresWireProtocol] [Badus] protocol 3.0
[2021-05-06T16:03:16,357][TRACE][i.c.p.p.PostgresWireProtocol] [Badus] payload: key=user value=crate
[2021-05-06T16:03:16,357][TRACE][i.c.p.p.PostgresWireProtocol] [Badus] payload: key=database value=doc
[2021-05-06T16:03:16,357][TRACE][i.c.p.p.PostgresWireProtocol] [Badus] payload: key= value=null
[2021-05-06T16:03:16,357][TRACE][i.c.p.p.PostgresWireProtocol] [Badus] Authentication succeeded user "crate" and method "trust".
[2021-05-06T16:03:16,358][TRACE][i.c.p.p.Messages         ] [Badus] sentAuthenticationOK
[2021-05-06T16:03:16,358][TRACE][i.c.p.p.Messages         ] [Badus] sentParameterStatus crate_version=4.5.1
[2021-05-06T16:03:16,358][TRACE][i.c.p.p.Messages         ] [Badus] sentParameterStatus server_version=10.5
[2021-05-06T16:03:16,358][TRACE][i.c.p.p.Messages         ] [Badus] sentParameterStatus server_encoding=UTF8
[2021-05-06T16:03:16,358][TRACE][i.c.p.p.Messages         ] [Badus] sentParameterStatus client_encoding=UTF8
[2021-05-06T16:03:16,358][TRACE][i.c.p.p.Messages         ] [Badus] sentParameterStatus datestyle=ISO
[2021-05-06T16:03:16,358][TRACE][i.c.p.p.Messages         ] [Badus] sentParameterStatus TimeZone=UTC
[2021-05-06T16:03:16,358][TRACE][i.c.p.p.Messages         ] [Badus] sentParameterStatus integer_datetimes=on
[2021-05-06T16:03:16,358][TRACE][i.c.p.p.Messages         ] [Badus] sentReadyForQuery
[2021-05-06T16:03:16,359][TRACE][i.c.p.p.PostgresWireProtocol] [Badus] msg=Q msgLength=76 readableBytes=76
[2021-05-06T16:03:16,359][DEBUG][i.c.a.s.SQLOperations    ] [Badus] method=parse stmtName= query=SET DateStyle = 'ISO'; paramTypes=[]
[2021-05-06T16:03:16,359][DEBUG][i.c.a.s.SQLOperations    ] [Badus] method=bind portalName= statementName= params=[]
[2021-05-06T16:03:16,359][DEBUG][i.c.a.s.SQLOperations    ] [Badus] method=describe type=P portalOrStatement=
[2021-05-06T16:03:16,359][DEBUG][i.c.a.s.SQLOperations    ] [Badus] method=execute portalName= maxRows=0
[2021-05-06T16:03:16,359][INFO ][i.c.p.s.SetSessionPlan   ] [Badus] SET SESSION STATEMENT WILL BE IGNORED: datestyle
[2021-05-06T16:03:16,360][TRACE][i.c.p.p.Messages         ] [Badus] sentCommandComplete
[2021-05-06T16:03:16,360][DEBUG][i.c.a.s.SQLOperations    ] [Badus] method=parse stmtName= query=SET extra_float_digits = 2; paramTypes=[]
[2021-05-06T16:03:16,360][DEBUG][i.c.a.s.SQLOperations    ] [Badus] method=bind portalName= statementName= params=[]
[2021-05-06T16:03:16,360][DEBUG][i.c.a.s.SQLOperations    ] [Badus] method=describe type=P portalOrStatement=
[2021-05-06T16:03:16,360][DEBUG][i.c.a.s.SQLOperations    ] [Badus] method=execute portalName= maxRows=0
[2021-05-06T16:03:16,360][INFO ][i.c.p.s.SetSessionPlan   ] [Badus] SET SESSION STATEMENT WILL BE IGNORED: extra_float_digits
[2021-05-06T16:03:16,360][TRACE][i.c.p.p.Messages         ] [Badus] sentCommandComplete
[2021-05-06T16:03:16,361][DEBUG][i.c.a.s.SQLOperations    ] [Badus] method=parse stmtName= query=show transaction_isolation paramTypes=[]
[2021-05-06T16:03:16,361][DEBUG][i.c.a.s.SQLOperations    ] [Badus] method=bind portalName= statementName= params=[]
[2021-05-06T16:03:16,361][DEBUG][i.c.a.s.SQLOperations    ] [Badus] method=describe type=P portalOrStatement=
[2021-05-06T16:03:16,361][DEBUG][i.c.a.s.SQLOperations    ] [Badus] method=execute portalName= maxRows=0
[2021-05-06T16:03:16,362][TRACE][i.c.p.p.Messages         ] [Badus] sentRowDescription
[2021-05-06T16:03:16,363][TRACE][i.c.p.p.Messages         ] [Badus] sentCommandComplete
[2021-05-06T16:03:16,363][TRACE][i.c.p.p.Messages         ] [Badus] sentReadyForQuery
[2021-05-06T16:03:16,363][TRACE][i.c.p.p.PostgresWireProtocol] [Badus] msg=Q msgLength=58 readableBytes=58
[2021-05-06T16:03:16,363][DEBUG][i.c.a.s.SQLOperations    ] [Badus] method=parse stmtName= query=select oid, typbasetype from pg_type where typname = 'lo' paramTypes=[]
[2021-05-06T16:03:16,364][DEBUG][i.c.a.s.SQLOperations    ] [Badus] method=bind portalName= statementName= params=[]
[2021-05-06T16:03:16,364][DEBUG][i.c.a.s.SQLOperations    ] [Badus] method=describe type=P portalOrStatement=
[2021-05-06T16:03:16,364][DEBUG][i.c.a.s.SQLOperations    ] [Badus] method=execute portalName= maxRows=0
[2021-05-06T16:03:16,365][TRACE][i.c.p.p.Messages         ] [Badus] sentRowDescription
[2021-05-06T16:03:16,365][TRACE][i.c.p.p.Messages         ] [Badus] sentCommandComplete
[2021-05-06T16:03:16,366][TRACE][i.c.p.p.Messages         ] [Badus] sentReadyForQuery
[2021-05-06T16:03:16,366][TRACE][i.c.p.p.PostgresWireProtocol] [Badus] msg=Q msgLength=34 readableBytes=34
[2021-05-06T16:03:16,366][DEBUG][i.c.a.s.SQLOperations    ] [Badus] method=parse stmtName= query=BEGIN; paramTypes=[]
[2021-05-06T16:03:16,367][DEBUG][i.c.a.s.SQLOperations    ] [Badus] method=bind portalName= statementName= params=[]
[2021-05-06T16:03:16,367][DEBUG][i.c.a.s.SQLOperations    ] [Badus] method=describe type=P portalOrStatement=
[2021-05-06T16:03:16,367][DEBUG][i.c.a.s.SQLOperations    ] [Badus] method=execute portalName= maxRows=0
[2021-05-06T16:03:16,367][TRACE][i.c.p.p.Messages         ] [Badus] sentCommandComplete
[2021-05-06T16:03:16,367][DEBUG][i.c.a.s.SQLOperations    ] [Badus] method=sync deferredExecutions=0
[2021-05-06T16:03:16,367][DEBUG][i.c.a.s.SQLOperations    ] [Badus] method=parse stmtName= query=DROP TABLE IF EXISTS users; paramTypes=[]
[2021-05-06T16:03:16,367][DEBUG][i.c.a.s.SQLOperations    ] [Badus] method=bind portalName= statementName= params=[]
[2021-05-06T16:03:16,367][DEBUG][i.c.a.s.SQLOperations    ] [Badus] method=describe type=P portalOrStatement=
[2021-05-06T16:03:16,367][DEBUG][i.c.a.s.SQLOperations    ] [Badus] method=execute portalName= maxRows=0
[2021-05-06T16:03:16,368][INFO ][o.e.c.m.MetadataDeleteIndexService] [Badus] [users/OtENzfCMQpqgiYwFSG9Bbg] deleting index
[2021-05-06T16:03:16,385][TRACE][i.c.p.p.Messages         ] [Badus] sentCommandComplete
[2021-05-06T16:03:16,385][TRACE][i.c.p.p.Messages         ] [Badus] sentReadyForQuery
[2021-05-06T16:03:16,385][TRACE][i.c.p.p.PostgresWireProtocol] [Badus] msg=Q msgLength=61 readableBytes=61
[2021-05-06T16:03:16,385][DEBUG][i.c.a.s.SQLOperations    ] [Badus] method=parse stmtName= query=BEGIN; paramTypes=[]
[2021-05-06T16:03:16,386][DEBUG][i.c.a.s.SQLOperations    ] [Badus] method=bind portalName= statementName= params=[]
[2021-05-06T16:03:16,386][DEBUG][i.c.a.s.SQLOperations    ] [Badus] method=describe type=P portalOrStatement=
[2021-05-06T16:03:16,386][DEBUG][i.c.a.s.SQLOperations    ] [Badus] method=execute portalName= maxRows=0
[2021-05-06T16:03:16,386][TRACE][i.c.p.p.Messages         ] [Badus] sentCommandComplete
[2021-05-06T16:03:16,386][DEBUG][i.c.a.s.SQLOperations    ] [Badus] method=sync deferredExecutions=0
[2021-05-06T16:03:16,386][DEBUG][i.c.a.s.SQLOperations    ] [Badus] method=parse stmtName= query=CREATE TABLE users ("id" BIGINT, "name" VARCHAR(255)); paramTypes=[]
[2021-05-06T16:03:16,387][DEBUG][i.c.a.s.SQLOperations    ] [Badus] method=bind portalName= statementName= params=[]
[2021-05-06T16:03:16,387][DEBUG][i.c.a.s.SQLOperations    ] [Badus] method=describe type=P portalOrStatement=
[2021-05-06T16:03:16,387][DEBUG][i.c.a.s.SQLOperations    ] [Badus] method=execute portalName= maxRows=0
[2021-05-06T16:03:16,392][INFO ][o.e.c.m.MetadataCreateIndexService] [Badus] [users] creating index, cause [api], templates [crate_defaults], shards [4]/[0], mappings [default]
[2021-05-06T16:03:16,455][INFO ][o.e.c.r.a.AllocationService] [Badus] Cluster health status changed from [YELLOW] to [GREEN] (reason: [shards started [[users][0]]]).
[2021-05-06T16:03:16,463][TRACE][i.c.p.p.Messages         ] [Badus] sentCommandComplete
[2021-05-06T16:03:16,463][TRACE][i.c.p.p.Messages         ] [Badus] sentReadyForQuery
[2021-05-06T16:03:16,464][TRACE][i.c.p.p.PostgresWireProtocol] [Badus] msg=Q msgLength=6 readableBytes=6
[2021-05-06T16:03:16,464][DEBUG][i.c.a.s.SQLOperations    ] [Badus] method=parse stmtName= query=BEGIN paramTypes=[]
[2021-05-06T16:03:16,464][DEBUG][i.c.a.s.SQLOperations    ] [Badus] method=bind portalName= statementName= params=[]
[2021-05-06T16:03:16,464][DEBUG][i.c.a.s.SQLOperations    ] [Badus] method=describe type=P portalOrStatement=
[2021-05-06T16:03:16,464][DEBUG][i.c.a.s.SQLOperations    ] [Badus] method=execute portalName= maxRows=0
[2021-05-06T16:03:16,465][TRACE][i.c.p.p.Messages         ] [Badus] sentCommandComplete
[2021-05-06T16:03:16,465][DEBUG][i.c.a.s.SQLOperations    ] [Badus] method=sync deferredExecutions=0
[2021-05-06T16:03:16,465][TRACE][i.c.p.p.Messages         ] [Badus] sentReadyForQuery
[2021-05-06T16:03:16,465][TRACE][i.c.p.p.PostgresWireProtocol] [Badus] msg=Q msgLength=6 readableBytes=6
[2021-05-06T16:03:16,466][DEBUG][i.c.a.s.SQLOperations    ] [Badus] method=parse stmtName= query=BEGIN paramTypes=[]
[2021-05-06T16:03:16,466][DEBUG][i.c.a.s.SQLOperations    ] [Badus] method=bind portalName= statementName= params=[]
[2021-05-06T16:03:16,466][DEBUG][i.c.a.s.SQLOperations    ] [Badus] method=describe type=P portalOrStatement=
[2021-05-06T16:03:16,466][DEBUG][i.c.a.s.SQLOperations    ] [Badus] method=execute portalName= maxRows=0
[2021-05-06T16:03:16,466][TRACE][i.c.p.p.Messages         ] [Badus] sentCommandComplete
[2021-05-06T16:03:16,466][DEBUG][i.c.a.s.SQLOperations    ] [Badus] method=sync deferredExecutions=0
[2021-05-06T16:03:16,466][TRACE][i.c.p.p.Messages         ] [Badus] sentReadyForQuery
[2021-05-06T16:03:16,467][TRACE][i.c.p.p.PostgresWireProtocol] [Badus] msg=P msgLength=75 readableBytes=75
[2021-05-06T16:03:16,467][DEBUG][i.c.a.s.SQLOperations    ] [Badus] method=parse stmtName=_PLAN0x56441b49d8e0 query=INSERT INTO users (id, name) VALUES ($1, $2) paramTypes=[undefined, undefined]
[2021-05-06T16:03:16,468][TRACE][i.c.p.p.PostgresWireProtocol] [Badus] msg=S msgLength=0 readableBytes=0
[2021-05-06T16:03:16,468][DEBUG][i.c.a.s.SQLOperations    ] [Badus] method=sync deferredExecutions=0
[2021-05-06T16:03:16,468][TRACE][i.c.p.p.Messages         ] [Badus] sentParseComplete
[2021-05-06T16:03:16,468][TRACE][i.c.p.p.Messages         ] [Badus] sentReadyForQuery
[2021-05-06T16:03:16,469][TRACE][i.c.p.p.PostgresWireProtocol] [Badus] msg=D msgLength=21 readableBytes=21
[2021-05-06T16:03:16,469][DEBUG][i.c.a.s.SQLOperations    ] [Badus] method=describe type=S portalOrStatement=_PLAN0x56441b49d8e0
[2021-05-06T16:03:16,469][TRACE][i.c.p.p.PostgresWireProtocol] [Badus] msg=S msgLength=0 readableBytes=0
[2021-05-06T16:03:16,469][DEBUG][i.c.a.s.SQLOperations    ] [Badus] method=sync deferredExecutions=0
[2021-05-06T16:03:16,470][TRACE][i.c.p.p.Messages         ] [Badus] sentNoData
[2021-05-06T16:03:16,470][TRACE][i.c.p.p.Messages         ] [Badus] sentReadyForQuery
[2021-05-06T16:03:16,470][TRACE][i.c.p.p.PostgresWireProtocol] [Badus] msg=Q msgLength=6 readableBytes=6
[2021-05-06T16:03:16,470][DEBUG][i.c.a.s.SQLOperations    ] [Badus] method=parse stmtName= query=BEGIN paramTypes=[]
[2021-05-06T16:03:16,471][DEBUG][i.c.a.s.SQLOperations    ] [Badus] method=bind portalName= statementName= params=[]
[2021-05-06T16:03:16,471][DEBUG][i.c.a.s.SQLOperations    ] [Badus] method=describe type=P portalOrStatement=
[2021-05-06T16:03:16,471][DEBUG][i.c.a.s.SQLOperations    ] [Badus] method=execute portalName= maxRows=0
[2021-05-06T16:03:16,471][TRACE][i.c.p.p.Messages         ] [Badus] sentCommandComplete
[2021-05-06T16:03:16,471][DEBUG][i.c.a.s.SQLOperations    ] [Badus] method=sync deferredExecutions=0
[2021-05-06T16:03:16,471][TRACE][i.c.p.p.Messages         ] [Badus] sentReadyForQuery
[2021-05-06T16:03:16,472][TRACE][i.c.p.p.PostgresWireProtocol] [Badus] msg=Q msgLength=6 readableBytes=6
[2021-05-06T16:03:16,472][DEBUG][i.c.a.s.SQLOperations    ] [Badus] method=parse stmtName= query=BEGIN paramTypes=[]
[2021-05-06T16:03:16,472][DEBUG][i.c.a.s.SQLOperations    ] [Badus] method=bind portalName= statementName= params=[]
[2021-05-06T16:03:16,473][DEBUG][i.c.a.s.SQLOperations    ] [Badus] method=describe type=P portalOrStatement=
[2021-05-06T16:03:16,473][DEBUG][i.c.a.s.SQLOperations    ] [Badus] method=execute portalName= maxRows=0
[2021-05-06T16:03:16,473][TRACE][i.c.p.p.Messages         ] [Badus] sentCommandComplete
[2021-05-06T16:03:16,473][DEBUG][i.c.a.s.SQLOperations    ] [Badus] method=sync deferredExecutions=0
[2021-05-06T16:03:16,473][TRACE][i.c.p.p.Messages         ] [Badus] sentReadyForQuery
[2021-05-06T16:03:16,473][TRACE][i.c.p.p.PostgresWireProtocol] [Badus] msg=B msgLength=47 readableBytes=47
[2021-05-06T16:03:16,474][DEBUG][i.c.a.s.SQLOperations    ] [Badus] method=bind portalName= statementName=_PLAN0x56441b49d8e0 params=[1, User1]
[2021-05-06T16:03:16,474][TRACE][i.c.p.p.PostgresWireProtocol] [Badus] msg=D msgLength=2 readableBytes=2
[2021-05-06T16:03:16,474][DEBUG][i.c.a.s.SQLOperations    ] [Badus] method=describe type=P portalOrStatement=
[2021-05-06T16:03:16,474][TRACE][i.c.p.p.PostgresWireProtocol] [Badus] msg=E msgLength=5 readableBytes=5
[2021-05-06T16:03:16,474][DEBUG][i.c.a.s.SQLOperations    ] [Badus] method=execute portalName= maxRows=0
[2021-05-06T16:03:16,475][TRACE][i.c.p.p.PostgresWireProtocol] [Badus] msg=S msgLength=0 readableBytes=0
[2021-05-06T16:03:16,479][TRACE][i.c.p.p.Messages         ] [Badus] sentBindComplete
[2021-05-06T16:03:16,480][TRACE][i.c.p.p.Messages         ] [Badus] sentNoData
[2021-05-06T16:03:16,480][TRACE][i.c.p.p.Messages         ] [Badus] sentCommandComplete
[2021-05-06T16:03:16,480][TRACE][i.c.p.p.Messages         ] [Badus] sentReadyForQuery
[2021-05-06T16:03:16,480][TRACE][i.c.p.p.PostgresWireProtocol] [Badus] msg=Q msgLength=6 readableBytes=6
[2021-05-06T16:03:16,480][DEBUG][i.c.a.s.SQLOperations    ] [Badus] method=parse stmtName= query=BEGIN paramTypes=[]
[2021-05-06T16:03:16,481][DEBUG][i.c.a.s.SQLOperations    ] [Badus] method=bind portalName= statementName= params=[]
[2021-05-06T16:03:16,481][DEBUG][i.c.a.s.SQLOperations    ] [Badus] method=describe type=P portalOrStatement=
[2021-05-06T16:03:16,481][DEBUG][i.c.a.s.SQLOperations    ] [Badus] method=execute portalName= maxRows=0
[2021-05-06T16:03:16,481][TRACE][i.c.p.p.Messages         ] [Badus] sentCommandComplete
[2021-05-06T16:03:16,481][DEBUG][i.c.a.s.SQLOperations    ] [Badus] method=sync deferredExecutions=0
[2021-05-06T16:03:16,481][TRACE][i.c.p.p.Messages         ] [Badus] sentReadyForQuery
[2021-05-06T16:03:16,482][TRACE][i.c.p.p.PostgresWireProtocol] [Badus] msg=Q msgLength=6 readableBytes=6
[2021-05-06T16:03:16,482][DEBUG][i.c.a.s.SQLOperations    ] [Badus] method=parse stmtName= query=BEGIN paramTypes=[]
[2021-05-06T16:03:16,482][DEBUG][i.c.a.s.SQLOperations    ] [Badus] method=bind portalName= statementName= params=[]
[2021-05-06T16:03:16,482][DEBUG][i.c.a.s.SQLOperations    ] [Badus] method=describe type=P portalOrStatement=
[2021-05-06T16:03:16,482][DEBUG][i.c.a.s.SQLOperations    ] [Badus] method=execute portalName= maxRows=0
[2021-05-06T16:03:16,483][TRACE][i.c.p.p.Messages         ] [Badus] sentCommandComplete
[2021-05-06T16:03:16,483][DEBUG][i.c.a.s.SQLOperations    ] [Badus] method=sync deferredExecutions=0
[2021-05-06T16:03:16,483][TRACE][i.c.p.p.Messages         ] [Badus] sentReadyForQuery
[2021-05-06T16:03:16,483][TRACE][i.c.p.p.PostgresWireProtocol] [Badus] msg=B msgLength=47 readableBytes=47
[2021-05-06T16:03:16,483][DEBUG][i.c.a.s.SQLOperations    ] [Badus] method=bind portalName= statementName=_PLAN0x56441b49d8e0 params=[2, User2]
[2021-05-06T16:03:16,484][TRACE][i.c.p.p.PostgresWireProtocol] [Badus] msg=D msgLength=2 readableBytes=2
[2021-05-06T16:03:16,484][DEBUG][i.c.a.s.SQLOperations    ] [Badus] method=describe type=P portalOrStatement=
[2021-05-06T16:03:16,484][TRACE][i.c.p.p.PostgresWireProtocol] [Badus] msg=E msgLength=5 readableBytes=5
[2021-05-06T16:03:16,484][DEBUG][i.c.a.s.SQLOperations    ] [Badus] method=execute portalName= maxRows=0
[2021-05-06T16:03:16,484][TRACE][i.c.p.p.PostgresWireProtocol] [Badus] msg=S msgLength=0 readableBytes=0
[2021-05-06T16:03:16,488][TRACE][i.c.p.p.Messages         ] [Badus] sentBindComplete
[2021-05-06T16:03:16,488][TRACE][i.c.p.p.Messages         ] [Badus] sentNoData
[2021-05-06T16:03:16,488][TRACE][i.c.p.p.Messages         ] [Badus] sentCommandComplete
[2021-05-06T16:03:16,488][TRACE][i.c.p.p.Messages         ] [Badus] sentReadyForQuery
[2021-05-06T16:03:16,489][TRACE][i.c.p.p.PostgresWireProtocol] [Badus] msg=Q msgLength=6 readableBytes=6
[2021-05-06T16:03:16,489][DEBUG][i.c.a.s.SQLOperations    ] [Badus] method=parse stmtName= query=BEGIN paramTypes=[]
[2021-05-06T16:03:16,489][DEBUG][i.c.a.s.SQLOperations    ] [Badus] method=bind portalName= statementName= params=[]
[2021-05-06T16:03:16,489][DEBUG][i.c.a.s.SQLOperations    ] [Badus] method=describe type=P portalOrStatement=
[2021-05-06T16:03:16,489][DEBUG][i.c.a.s.SQLOperations    ] [Badus] method=execute portalName= maxRows=0
[2021-05-06T16:03:16,490][TRACE][i.c.p.p.Messages         ] [Badus] sentCommandComplete
[2021-05-06T16:03:16,490][DEBUG][i.c.a.s.SQLOperations    ] [Badus] method=sync deferredExecutions=0
[2021-05-06T16:03:16,490][TRACE][i.c.p.p.Messages         ] [Badus] sentReadyForQuery
[2021-05-06T16:03:16,490][TRACE][i.c.p.p.PostgresWireProtocol] [Badus] msg=Q msgLength=6 readableBytes=6
[2021-05-06T16:03:16,490][DEBUG][i.c.a.s.SQLOperations    ] [Badus] method=parse stmtName= query=BEGIN paramTypes=[]
[2021-05-06T16:03:16,490][DEBUG][i.c.a.s.SQLOperations    ] [Badus] method=bind portalName= statementName= params=[]
[2021-05-06T16:03:16,491][DEBUG][i.c.a.s.SQLOperations    ] [Badus] method=describe type=P portalOrStatement=
[2021-05-06T16:03:16,491][DEBUG][i.c.a.s.SQLOperations    ] [Badus] method=execute portalName= maxRows=0
[2021-05-06T16:03:16,491][TRACE][i.c.p.p.Messages         ] [Badus] sentCommandComplete
[2021-05-06T16:03:16,491][DEBUG][i.c.a.s.SQLOperations    ] [Badus] method=sync deferredExecutions=0
[2021-05-06T16:03:16,492][TRACE][i.c.p.p.Messages         ] [Badus] sentReadyForQuery
[2021-05-06T16:03:16,492][TRACE][i.c.p.p.PostgresWireProtocol] [Badus] msg=B msgLength=47 readableBytes=47
[2021-05-06T16:03:16,492][DEBUG][i.c.a.s.SQLOperations    ] [Badus] method=bind portalName= statementName=_PLAN0x56441b49d8e0 params=[3, User3]
[2021-05-06T16:03:16,493][TRACE][i.c.p.p.PostgresWireProtocol] [Badus] msg=D msgLength=2 readableBytes=2
[2021-05-06T16:03:16,493][DEBUG][i.c.a.s.SQLOperations    ] [Badus] method=describe type=P portalOrStatement=
[2021-05-06T16:03:16,493][TRACE][i.c.p.p.PostgresWireProtocol] [Badus] msg=E msgLength=5 readableBytes=5
[2021-05-06T16:03:16,493][DEBUG][i.c.a.s.SQLOperations    ] [Badus] method=execute portalName= maxRows=0
[2021-05-06T16:03:16,493][TRACE][i.c.p.p.PostgresWireProtocol] [Badus] msg=S msgLength=0 readableBytes=0
[2021-05-06T16:03:16,498][TRACE][i.c.p.p.Messages         ] [Badus] sentBindComplete
[2021-05-06T16:03:16,499][TRACE][i.c.p.p.Messages         ] [Badus] sentNoData
[2021-05-06T16:03:16,499][TRACE][i.c.p.p.Messages         ] [Badus] sentCommandComplete
[2021-05-06T16:03:16,499][TRACE][i.c.p.p.Messages         ] [Badus] sentReadyForQuery
[2021-05-06T16:03:16,499][TRACE][i.c.p.p.PostgresWireProtocol] [Badus] msg=Q msgLength=6 readableBytes=6
[2021-05-06T16:03:16,499][DEBUG][i.c.a.s.SQLOperations    ] [Badus] method=parse stmtName= query=BEGIN paramTypes=[]
[2021-05-06T16:03:16,500][DEBUG][i.c.a.s.SQLOperations    ] [Badus] method=bind portalName= statementName= params=[]
[2021-05-06T16:03:16,500][DEBUG][i.c.a.s.SQLOperations    ] [Badus] method=describe type=P portalOrStatement=
[2021-05-06T16:03:16,500][DEBUG][i.c.a.s.SQLOperations    ] [Badus] method=execute portalName= maxRows=0
[2021-05-06T16:03:16,500][TRACE][i.c.p.p.Messages         ] [Badus] sentCommandComplete
[2021-05-06T16:03:16,500][DEBUG][i.c.a.s.SQLOperations    ] [Badus] method=sync deferredExecutions=0
[2021-05-06T16:03:16,500][TRACE][i.c.p.p.Messages         ] [Badus] sentReadyForQuery
[2021-05-06T16:03:16,501][TRACE][i.c.p.p.PostgresWireProtocol] [Badus] msg=Q msgLength=6 readableBytes=6
[2021-05-06T16:03:16,501][DEBUG][i.c.a.s.SQLOperations    ] [Badus] method=parse stmtName= query=BEGIN paramTypes=[]
[2021-05-06T16:03:16,501][DEBUG][i.c.a.s.SQLOperations    ] [Badus] method=bind portalName= statementName= params=[]
[2021-05-06T16:03:16,501][DEBUG][i.c.a.s.SQLOperations    ] [Badus] method=describe type=P portalOrStatement=
[2021-05-06T16:03:16,501][DEBUG][i.c.a.s.SQLOperations    ] [Badus] method=execute portalName= maxRows=0
[2021-05-06T16:03:16,502][TRACE][i.c.p.p.Messages         ] [Badus] sentCommandComplete
[2021-05-06T16:03:16,502][DEBUG][i.c.a.s.SQLOperations    ] [Badus] method=sync deferredExecutions=0
[2021-05-06T16:03:16,502][TRACE][i.c.p.p.Messages         ] [Badus] sentReadyForQuery
[2021-05-06T16:03:16,502][TRACE][i.c.p.p.PostgresWireProtocol] [Badus] msg=B msgLength=47 readableBytes=47
[2021-05-06T16:03:16,503][DEBUG][i.c.a.s.SQLOperations    ] [Badus] method=bind portalName= statementName=_PLAN0x56441b49d8e0 params=[4, User4]
[2021-05-06T16:03:16,503][TRACE][i.c.p.p.PostgresWireProtocol] [Badus] msg=D msgLength=2 readableBytes=2
[2021-05-06T16:03:16,503][DEBUG][i.c.a.s.SQLOperations    ] [Badus] method=describe type=P portalOrStatement=
[2021-05-06T16:03:16,503][TRACE][i.c.p.p.PostgresWireProtocol] [Badus] msg=E msgLength=5 readableBytes=5
[2021-05-06T16:03:16,503][DEBUG][i.c.a.s.SQLOperations    ] [Badus] method=execute portalName= maxRows=0
[2021-05-06T16:03:16,503][TRACE][i.c.p.p.PostgresWireProtocol] [Badus] msg=S msgLength=0 readableBytes=0
[2021-05-06T16:03:16,507][TRACE][i.c.p.p.Messages         ] [Badus] sentBindComplete
[2021-05-06T16:03:16,507][TRACE][i.c.p.p.Messages         ] [Badus] sentNoData
[2021-05-06T16:03:16,507][TRACE][i.c.p.p.Messages         ] [Badus] sentCommandComplete
[2021-05-06T16:03:16,507][TRACE][i.c.p.p.Messages         ] [Badus] sentReadyForQuery
[2021-05-06T16:03:16,508][TRACE][i.c.p.p.PostgresWireProtocol] [Badus] msg=Q msgLength=6 readableBytes=6
[2021-05-06T16:03:16,508][DEBUG][i.c.a.s.SQLOperations    ] [Badus] method=parse stmtName= query=BEGIN paramTypes=[]
[2021-05-06T16:03:16,508][DEBUG][i.c.a.s.SQLOperations    ] [Badus] method=bind portalName= statementName= params=[]
[2021-05-06T16:03:16,508][DEBUG][i.c.a.s.SQLOperations    ] [Badus] method=describe type=P portalOrStatement=
[2021-05-06T16:03:16,508][DEBUG][i.c.a.s.SQLOperations    ] [Badus] method=execute portalName= maxRows=0
[2021-05-06T16:03:16,508][TRACE][i.c.p.p.Messages         ] [Badus] sentCommandComplete
[2021-05-06T16:03:16,508][DEBUG][i.c.a.s.SQLOperations    ] [Badus] method=sync deferredExecutions=0
[2021-05-06T16:03:16,509][TRACE][i.c.p.p.Messages         ] [Badus] sentReadyForQuery
[2021-05-06T16:03:16,509][TRACE][i.c.p.p.PostgresWireProtocol] [Badus] msg=Q msgLength=6 readableBytes=6
[2021-05-06T16:03:16,509][DEBUG][i.c.a.s.SQLOperations    ] [Badus] method=parse stmtName= query=BEGIN paramTypes=[]
[2021-05-06T16:03:16,509][DEBUG][i.c.a.s.SQLOperations    ] [Badus] method=bind portalName= statementName= params=[]
[2021-05-06T16:03:16,509][DEBUG][i.c.a.s.SQLOperations    ] [Badus] method=describe type=P portalOrStatement=
[2021-05-06T16:03:16,509][DEBUG][i.c.a.s.SQLOperations    ] [Badus] method=execute portalName= maxRows=0
[2021-05-06T16:03:16,510][TRACE][i.c.p.p.Messages         ] [Badus] sentCommandComplete
[2021-05-06T16:03:16,510][DEBUG][i.c.a.s.SQLOperations    ] [Badus] method=sync deferredExecutions=0
[2021-05-06T16:03:16,510][TRACE][i.c.p.p.Messages         ] [Badus] sentReadyForQuery
[2021-05-06T16:03:16,510][TRACE][i.c.p.p.PostgresWireProtocol] [Badus] msg=B msgLength=47 readableBytes=47
[2021-05-06T16:03:16,511][DEBUG][i.c.a.s.SQLOperations    ] [Badus] method=bind portalName= statementName=_PLAN0x56441b49d8e0 params=[5, User5]
[2021-05-06T16:03:16,511][TRACE][i.c.p.p.PostgresWireProtocol] [Badus] msg=D msgLength=2 readableBytes=2
[2021-05-06T16:03:16,511][DEBUG][i.c.a.s.SQLOperations    ] [Badus] method=describe type=P portalOrStatement=
[2021-05-06T16:03:16,511][TRACE][i.c.p.p.PostgresWireProtocol] [Badus] msg=E msgLength=5 readableBytes=5
[2021-05-06T16:03:16,511][DEBUG][i.c.a.s.SQLOperations    ] [Badus] method=execute portalName= maxRows=0
[2021-05-06T16:03:16,511][TRACE][i.c.p.p.PostgresWireProtocol] [Badus] msg=S msgLength=0 readableBytes=0
[2021-05-06T16:03:16,515][TRACE][i.c.p.p.Messages         ] [Badus] sentBindComplete
[2021-05-06T16:03:16,515][TRACE][i.c.p.p.Messages         ] [Badus] sentNoData
[2021-05-06T16:03:16,515][TRACE][i.c.p.p.Messages         ] [Badus] sentCommandComplete
[2021-05-06T16:03:16,515][TRACE][i.c.p.p.Messages         ] [Badus] sentReadyForQuery
[2021-05-06T16:03:16,516][TRACE][i.c.p.p.PostgresWireProtocol] [Badus] msg=Q msgLength=33 readableBytes=33
[2021-05-06T16:03:16,516][DEBUG][i.c.a.s.SQLOperations    ] [Badus] method=parse stmtName= query=DEALLOCATE "_PLAN0x56441b49d8e0" paramTypes=[]
[2021-05-06T16:03:16,516][DEBUG][i.c.a.s.SQLOperations    ] [Badus] method=bind portalName= statementName= params=[]
[2021-05-06T16:03:16,516][DEBUG][i.c.a.s.SQLOperations    ] [Badus] method=describe type=P portalOrStatement=
[2021-05-06T16:03:16,516][DEBUG][i.c.a.s.SQLOperations    ] [Badus] method=execute portalName= maxRows=0
[2021-05-06T16:03:16,516][DEBUG][i.c.a.s.SQLOperations    ] [Badus] method=close type=S name=_PLAN0x56441b49d8e0
[2021-05-06T16:03:16,516][TRACE][i.c.p.p.Messages         ] [Badus] sentCommandComplete
[2021-05-06T16:03:16,516][DEBUG][i.c.a.s.SQLOperations    ] [Badus] method=sync deferredExecutions=0
[2021-05-06T16:03:16,517][TRACE][i.c.p.p.Messages         ] [Badus] sentReadyForQuery
[2021-05-06T16:03:16,517][TRACE][i.c.p.p.PostgresWireProtocol] [Badus] msg=Q msgLength=27 readableBytes=27
[2021-05-06T16:03:16,517][DEBUG][i.c.a.s.SQLOperations    ] [Badus] method=parse stmtName= query=BEGIN; paramTypes=[]
[2021-05-06T16:03:16,518][DEBUG][i.c.a.s.SQLOperations    ] [Badus] method=bind portalName= statementName= params=[]
[2021-05-06T16:03:16,518][DEBUG][i.c.a.s.SQLOperations    ] [Badus] method=describe type=P portalOrStatement=
[2021-05-06T16:03:16,518][DEBUG][i.c.a.s.SQLOperations    ] [Badus] method=execute portalName= maxRows=0
[2021-05-06T16:03:16,518][TRACE][i.c.p.p.Messages         ] [Badus] sentCommandComplete
[2021-05-06T16:03:16,518][DEBUG][i.c.a.s.SQLOperations    ] [Badus] method=sync deferredExecutions=0
[2021-05-06T16:03:16,518][DEBUG][i.c.a.s.SQLOperations    ] [Badus] method=parse stmtName= query=REFRESH TABLE users; paramTypes=[]
[2021-05-06T16:03:16,519][DEBUG][i.c.a.s.SQLOperations    ] [Badus] method=bind portalName= statementName= params=[]
[2021-05-06T16:03:16,519][DEBUG][i.c.a.s.SQLOperations    ] [Badus] method=describe type=P portalOrStatement=
[2021-05-06T16:03:16,519][DEBUG][i.c.a.s.SQLOperations    ] [Badus] method=execute portalName= maxRows=0
[2021-05-06T16:03:16,531][TRACE][i.c.p.p.Messages         ] [Badus] sentCommandComplete
[2021-05-06T16:03:16,532][TRACE][i.c.p.p.Messages         ] [Badus] sentReadyForQuery
[2021-05-06T16:03:16,532][TRACE][i.c.p.p.PostgresWireProtocol] [Badus] msg=Q msgLength=39 readableBytes=39
[2021-05-06T16:03:16,532][DEBUG][i.c.a.s.SQLOperations    ] [Badus] method=parse stmtName= query=BEGIN; paramTypes=[]
[2021-05-06T16:03:16,532][DEBUG][i.c.a.s.SQLOperations    ] [Badus] method=bind portalName= statementName= params=[]
[2021-05-06T16:03:16,532][DEBUG][i.c.a.s.SQLOperations    ] [Badus] method=describe type=P portalOrStatement=
[2021-05-06T16:03:16,532][DEBUG][i.c.a.s.SQLOperations    ] [Badus] method=execute portalName= maxRows=0
[2021-05-06T16:03:16,533][TRACE][i.c.p.p.Messages         ] [Badus] sentCommandComplete
[2021-05-06T16:03:16,533][DEBUG][i.c.a.s.SQLOperations    ] [Badus] method=sync deferredExecutions=0
[2021-05-06T16:03:16,533][DEBUG][i.c.a.s.SQLOperations    ] [Badus] method=parse stmtName= query=SELECT * FROM users ORDER BY id; paramTypes=[]
[2021-05-06T16:03:16,533][DEBUG][i.c.a.s.SQLOperations    ] [Badus] method=bind portalName= statementName= params=[]
[2021-05-06T16:03:16,533][DEBUG][i.c.a.s.SQLOperations    ] [Badus] method=describe type=P portalOrStatement=
[2021-05-06T16:03:16,534][DEBUG][i.c.a.s.SQLOperations    ] [Badus] method=execute portalName= maxRows=0
[2021-05-06T16:03:16,538][TRACE][i.c.p.p.Messages         ] [Badus] sentRowDescription
[2021-05-06T16:03:16,538][TRACE][i.c.p.p.Messages         ] [Badus] sentCommandComplete
[2021-05-06T16:03:16,538][TRACE][i.c.p.p.Messages         ] [Badus] sentReadyForQuery
[2021-05-06T16:03:16,538][TRACE][i.c.p.p.PostgresWireProtocol] [Badus] msg=Q msgLength=693 readableBytes=693
[2021-05-06T16:03:16,538][DEBUG][i.c.a.s.SQLOperations    ] [Badus] method=parse stmtName= query=select n.nspname, c.relname, a.attname, a.atttypid, t.typname, a.attnum, a.attlen, a.atttypmod, a.attnotnull, c.relhasrules, c.relkind, c.oid, pg_get_expr(d.adbin, d.adrelid), case t.typtype when 'd' then t.typbasetype else 0 end, t.typtypmod, c.relhasoids, attidentity, c.relhassubclass from (((pg_catalog.pg_class c inner join pg_catalog.pg_namespace n on n.oid = c.relnamespace and c.oid = 893280107) inner join pg_catalog.pg_attribute a on (not a.attisdropped) and a.attnum > 0 and a.attrelid = c.oid) inner join pg_catalog.pg_type t on t.oid = a.atttypid) left outer join pg_attrdef d on a.atthasdef and d.adrelid = a.attrelid and d.adnum = a.attnum order by n.nspname, c.relname, attnum paramTypes=[]
[2021-05-06T16:03:16,543][DEBUG][i.c.a.s.SQLOperations    ] [Badus] method=bind portalName= statementName= params=[]
[2021-05-06T16:03:16,543][DEBUG][i.c.a.s.SQLOperations    ] [Badus] method=describe type=P portalOrStatement=
[2021-05-06T16:03:16,544][DEBUG][i.c.a.s.SQLOperations    ] [Badus] method=execute portalName= maxRows=0
[2021-05-06T16:03:16,555][TRACE][i.c.p.p.Messages         ] [Badus] sentRowDescription
[2021-05-06T16:03:16,555][TRACE][i.c.p.p.Messages         ] [Badus] sentCommandComplete
[2021-05-06T16:03:16,555][TRACE][i.c.p.p.Messages         ] [Badus] sentReadyForQuery
[2021-05-06T16:03:16,556][TRACE][i.c.p.p.PostgresWireProtocol] [Badus] msg=X msgLength=0 readableBytes=0
[2021-05-06T16:03:16,556][TRACE][i.c.p.p.PostgresNetty    ] [Badus] channel closed: [id: 0xd1aefcbf, L:/172.17.0.2:5432 ! R:/172.17.0.1:57502]
[2021-05-06T16:03:16,557][TRACE][i.c.p.p.PostgresWireProtocol] [Badus] channelDisconnected
